Arguments: 
  /Users/kinbasco/.nvm/versions/node/v6.10.3/bin/node /Users/kinbasco/.nvm/versions/node/v6.10.3/bin/yarn add babel-loader --save-dev

PATH: 
  /Users/kinbasco/virtualenvs/bizreview/bin:/Users/kinbasco/.nvm/versions/node/v6.10.3/bin:/Library/Frameworks/Python.framework/Versions/3.6/bin:/usr/local/bin:/usr/bin:/bin:/usr/sbin:/sbin

Yarn version: 
  0.27.5

Node version: 
  6.10.3

Platform: 
  darwin x64

npm manifest: 
  {
    "name": "proto_bizreview",
    "version": "0.0.0",
    "description": "front-end for bizreview",
    "main": "index.js",
    "author": "jdltechworks",
    "license": "UNLICENSED",
    "script": {
        "hot": "webpack-dev-server --hot --env=dev --progress --profile --colors",
        "prod": "webpack -p --config=./webpack.config.babel.js",
    }
  }

yarn manifest: 
  No manifest

Lockfile: 
  No lockfile

Trace: 
  SyntaxError: /Users/kinbasco/Desktop/Code/proto_bizreview/client/package.json: Unexpected token } in JSON at position 334
      at Object.parse (native)
      at /Users/kinbasco/.nvm/versions/node/v6.10.3/lib/node_modules/yarn/lib/util/fs.js:554:57
      at next (native)
      at step (/Users/kinbasco/.nvm/versions/node/v6.10.3/lib/node_modules/yarn/node_modules/babel-runtime/helpers/asyncToGenerator.js:17:30)
      at /Users/kinbasco/.nvm/versions/node/v6.10.3/lib/node_modules/yarn/node_modules/babel-runtime/helpers/asyncToGenerator.js:28:13
